  [1m[35m (0.3ms)[0m  [1m[34mSELECT sqlite_version(*)[0m
  [1m[35m (6.9ms)[0m  [1m[35mCREATE TABLE "schema_migrations" ("version" varchar NOT NULL PRIMARY KEY)[0m
  [1m[35m (5.7ms)[0m  [1m[35mCREATE TABLE "ar_internal_metadata" ("key" varchar NOT NULL PRIMARY KEY, "value" varchar, "created_at" datetime NOT NULL, "updated_at" datetime NOT NULL)[0m
  [1m[35m (0.2ms)[0m  [1m[34mSELECT "schema_migrations"."version" FROM "schema_migrations" ORDER BY "schema_migrations"."version" ASC[0m
Migrating to CreateKeys (20171219225903)
  [1m[35m (0.1ms)[0m  [1m[36mbegin transaction[0m
  [1m[35m (1.4ms)[0m  [1m[35mCREATE TABLE "keys" ("id" INTEGER PRIMARY KEY AUTOINCREMENT NOT NULL, "n" integer, "e" integer, "d" integer, "created_at" datetime NOT NULL, "updated_at" datetime NOT NULL)[0m
  [1m[35mSQL (0.2ms)[0m  [1m[32mINSERT INTO "schema_migrations" ("version") VALUES (?)[0m  [["version", "20171219225903"]]
  [1m[35m (4.5ms)[0m  [1m[36mcommit transaction[0m
Migrating to CreateEncryptMessages (20171219225926)
  [1m[35m (0.1ms)[0m  [1m[36mbegin transaction[0m
  [1m[35m (1.5ms)[0m  [1m[35mCREATE TABLE "encrypt_messages" ("id" INTEGER PRIMARY KEY AUTOINCREMENT NOT NULL, "content" text, "created_at" datetime NOT NULL, "updated_at" datetime NOT NULL)[0m
  [1m[35mSQL (0.2ms)[0m  [1m[32mINSERT INTO "schema_migrations" ("version") VALUES (?)[0m  [["version", "20171219225926"]]
  [1m[35m (4.6ms)[0m  [1m[36mcommit transaction[0m
Migrating to CreateDecryptMessages (20171219225932)
  [1m[35m (0.1ms)[0m  [1m[36mbegin transaction[0m
  [1m[35m (5.5ms)[0m  [1m[35mCREATE TABLE "decrypt_messages" ("id" INTEGER PRIMARY KEY AUTOINCREMENT NOT NULL, "content" text, "created_at" datetime NOT NULL, "updated_at" datetime NOT NULL)[0m
  [1m[35mSQL (0.4ms)[0m  [1m[32mINSERT INTO "schema_migrations" ("version") VALUES (?)[0m  [["version", "20171219225932"]]
  [1m[35m (8.0ms)[0m  [1m[36mcommit transaction[0m
  [1m[36mActiveRecord::InternalMetadata Load (0.2ms)[0m  [1m[34mSELECT  "ar_internal_metadata".* FROM "ar_internal_metadata" WHERE "ar_internal_metadata"."key" = ? LIMIT ?[0m  [["key", "environment"], ["LIMIT", 1]]
  [1m[35m (0.1ms)[0m  [1m[36mbegin transaction[0m
  [1m[35mSQL (5.6ms)[0m  [1m[32mINSERT INTO "ar_internal_metadata" ("key", "value", "created_at", "updated_at") VALUES (?, ?, ?, ?)[0m  [["key", "environment"], ["value", "development"], ["created_at", "2017-12-19 22:59:44.376159"], ["updated_at", "2017-12-19 22:59:44.376159"]]
  [1m[35m (5.2ms)[0m  [1m[36mcommit transaction[0m
  [1m[35m (0.3ms)[0m  [1m[34mSELECT "schema_migrations"."version" FROM "schema_migrations" ORDER BY "schema_migrations"."version" ASC[0m
  [1m[35m (0.3ms)[0m  [1m[34mSELECT "schema_migrations"."version" FROM "schema_migrations" ORDER BY "schema_migrations"."version" ASC[0m
  [1m[36mActiveRecord::InternalMetadata Load (0.2ms)[0m  [1m[34mSELECT  "ar_internal_metadata".* FROM "ar_internal_metadata" WHERE "ar_internal_metadata"."key" = ? LIMIT ?[0m  [["key", "environment"], ["LIMIT", 1]]
  [1m[35m (0.1ms)[0m  [1m[36mbegin transaction[0m
  [1m[35m (0.1ms)[0m  [1m[36mcommit transaction[0m
  [1m[35m (0.1ms)[0m  [1m[34mSELECT "schema_migrations"."version" FROM "schema_migrations" ORDER BY "schema_migrations"."version" ASC[0m
Started POST "/rsas" for 127.0.0.1 at 2017-12-19 15:10:46 -0800
  [1m[35m (1.1ms)[0m  [1m[34mSELECT "schema_migrations"."version" FROM "schema_migrations" ORDER BY "schema_migrations"."version" ASC[0m
Processing by KeysController#create as */*
  Parameters: {"key"=>{}}
Can't verify CSRF token authenticity.
  [1m[35m (0.1ms)[0m  [1m[36mbegin transaction[0m
  [1m[35mSQL (84.8ms)[0m  [1m[32mINSERT INTO "keys" ("n", "e", "d", "created_at", "updated_at") VALUES (?, ?, ?, ?, ?)[0m  [["n", 119837], ["e", 65537], ["d", 16601], ["created_at", "2017-12-19 23:10:50.080692"], ["updated_at", "2017-12-19 23:10:50.080692"]]
  [1m[35m (11.4ms)[0m  [1m[36mcommit transaction[0m
Completed 200 OK in 182ms (Views: 1.2ms | ActiveRecord: 97.6ms)


Started GET "/rsas/1" for 127.0.0.1 at 2017-12-19 15:11:01 -0800
Processing by KeysController#show as */*
  Parameters: {"id"=>"1", "key"=>{}}
  [1m[36mKey Load (0.4ms)[0m  [1m[34mSELECT  "keys".* FROM "keys" WHERE "keys"."id" = ? LIMIT ?[0m  [["id", 1], ["LIMIT", 1]]
  [1m[36mCACHE Key Load (0.0ms)[0m  [1m[34mSELECT  "keys".* FROM "keys" WHERE "keys"."id" = ? LIMIT ?[0m  [["id", 1], ["LIMIT", 1]]
Completed 200 OK in 88ms (Views: 0.3ms | ActiveRecord: 0.9ms)


Started POST "/rsas/1/encrypt_message?message=asdfq" for 127.0.0.1 at 2017-12-19 15:11:26 -0800
  
ActionController::RoutingError (No route matches [POST] "/rsas/1/encrypt_message"):
  
actionpack (5.1.4) lib/action_dispatch/middleware/debug_exceptions.rb:63:in `call'
web-console (3.5.1) lib/web_console/middleware.rb:135:in `call_app'
web-console (3.5.1) lib/web_console/middleware.rb:28:in `block in call'
web-console (3.5.1) lib/web_console/middleware.rb:18:in `catch'
web-console (3.5.1) lib/web_console/middleware.rb:18:in `call'
actionpack (5.1.4) lib/action_dispatch/middleware/show_exceptions.rb:31:in `call'
railties (5.1.4) lib/rails/rack/logger.rb:36:in `call_app'
railties (5.1.4) lib/rails/rack/logger.rb:24:in `block in call'
activesupport (5.1.4) lib/active_support/tagged_logging.rb:69:in `block in tagged'
activesupport (5.1.4) lib/active_support/tagged_logging.rb:26:in `tagged'
activesupport (5.1.4) lib/active_support/tagged_logging.rb:69:in `tagged'
railties (5.1.4) lib/rails/rack/logger.rb:24:in `call'
sprockets-rails (3.2.1) lib/sprockets/rails/quiet_assets.rb:13:in `call'
actionpack (5.1.4) lib/action_dispatch/middleware/remote_ip.rb:79:in `call'
actionpack (5.1.4) lib/action_dispatch/middleware/request_id.rb:25:in `call'
rack (2.0.3) lib/rack/method_override.rb:22:in `call'
rack (2.0.3) lib/rack/runtime.rb:22:in `call'
activesupport (5.1.4) lib/active_support/cache/strategy/local_cache_middleware.rb:27:in `call'
actionpack (5.1.4) lib/action_dispatch/middleware/executor.rb:12:in `call'
actionpack (5.1.4) lib/action_dispatch/middleware/static.rb:125:in `call'
rack (2.0.3) lib/rack/sendfile.rb:111:in `call'
railties (5.1.4) lib/rails/engine.rb:522:in `call'
puma (3.11.0) lib/puma/configuration.rb:225:in `call'
puma (3.11.0) lib/puma/server.rb:624:in `handle_request'
puma (3.11.0) lib/puma/server.rb:438:in `process_client'
puma (3.11.0) lib/puma/server.rb:302:in `block in run'
puma (3.11.0) lib/puma/thread_pool.rb:120:in `block in spawn_thread'
Started POST "/rsas/1/encrypt_messages?message=asdfq" for 127.0.0.1 at 2017-12-19 15:11:39 -0800
Processing by EncryptMessagesController#create as */*
  Parameters: {"message"=>"asdfq", "id"=>"1", "encrypt_message"=>{}}
Can't verify CSRF token authenticity.
  [1m[36mKey Load (11.9ms)[0m  [1m[34mSELECT  "keys".* FROM "keys" WHERE "keys"."id" = ? LIMIT ?[0m  [["id", 1], ["LIMIT", 1]]
  [1m[35m (0.1ms)[0m  [1m[36mbegin transaction[0m
  [1m[35mSQL (23.8ms)[0m  [1m[32mINSERT INTO "encrypt_messages" ("content", "created_at", "updated_at") VALUES (?, ?, ?)[0m  [["content", "MTExMQ==\n@MDAxMA==\n@MDEwMQ==\n@MTEw\n|MTAwMQ==\n@MDEwMQ==\n@MTEwMQ==\n@MTEw\n|MTAwMQ==\n@MDAxMQ==\n@MTEwMQ==\n@MTEwMQ==\n@|MTAxMA==\n@MTAwMA==\n@MDAwMQ==\n@MTAxMA==\n@MQ==\n|MTExMQ==\n@MTAwMQ==\n@MTAwMA==\n@MQ==\n"], ["created_at", "2017-12-19 23:11:39.990274"], ["updated_at", "2017-12-19 23:11:39.990274"]]
  [1m[35m (1.5ms)[0m  [1m[36mcommit transaction[0m
Completed 200 OK in 165ms (Views: 0.4ms | ActiveRecord: 46.6ms)


Started GET "/rsas/1/encrypt_messages/1" for 127.0.0.1 at 2017-12-19 15:11:53 -0800
Processing by EncryptMessagesController#show as */*
  Parameters: {"id"=>"1", "encrypt_message"=>{}}
  [1m[36mEncryptMessage Load (0.3ms)[0m  [1m[34mSELECT  "encrypt_messages".* FROM "encrypt_messages" WHERE "encrypt_messages"."id" = ? LIMIT ?[0m  [["id", 1], ["LIMIT", 1]]
  [1m[36mCACHE EncryptMessage Load (0.0ms)[0m  [1m[34mSELECT  "encrypt_messages".* FROM "encrypt_messages" WHERE "encrypt_messages"."id" = ? LIMIT ?[0m  [["id", 1], ["LIMIT", 1]]
Completed 200 OK in 5ms (Views: 0.2ms | ActiveRecord: 0.3ms)


Started POST "/rsas/1/decrypt_messages?message=MTExMQ==%5Cn@MDAxMA==%5Cn@MDEwMQ==%5Cn@MTEw%5Cn%7CMTAwMQ==%5Cn@MDEwMQ==%5Cn@MTEwMQ==%5Cn@MTEw%5Cn%7CMTAwMQ==%5Cn@MDAxMQ==%5Cn@MTEwMQ==%5Cn@MTEwMQ==%5Cn@%7CMTAxMA==%5Cn@MTAwMA==%5Cn@MDAwMQ==%5Cn@MTAxMA==%5Cn@MQ==%5Cn%7CMTExMQ==%5Cn@MTAwMQ==%5Cn@MTAwMA==%5Cn@MQ==%5Cn=%5Cn@MA==%5Cn" for 127.0.0.1 at 2017-12-19 15:12:13 -0800
Processing by DecryptMessagesController#create as */*
  Parameters: {"message"=>"MTExMQ==\\n@MDAxMA==\\n@MDEwMQ==\\n@MTEw\\n|MTAwMQ==\\n@MDEwMQ==\\n@MTEwMQ==\\n@MTEw\\n|MTAwMQ==\\n@MDAxMQ==\\n@MTEwMQ==\\n@MTEwMQ==\\n@|MTAxMA==\\n@MTAwMA==\\n@MDAwMQ==\\n@MTAxMA==\\n@MQ==\\n|MTExMQ==\\n@MTAwMQ==\\n@MTAwMA==\\n@MQ==\\n=\\n@MA==\\n", "id"=>"1", "decrypt_message"=>{}}
Can't verify CSRF token authenticity.
  [1m[36mKey Load (0.3ms)[0m  [1m[34mSELECT  "keys".* FROM "keys" WHERE "keys"."id" = ? LIMIT ?[0m  [["id", 1], ["LIMIT", 1]]
  [1m[35m (0.1ms)[0m  [1m[36mbegin transaction[0m
  [1m[35mSQL (0.8ms)[0m  [1m[32mINSERT INTO "decrypt_messages" ("content", "created_at", "updated_at") VALUES (?, ?, ?)[0m  [["content", "asdf뀝"], ["created_at", "2017-12-19 23:12:13.468444"], ["updated_at", "2017-12-19 23:12:13.468444"]]
  [1m[35m (1.5ms)[0m  [1m[36mcommit transaction[0m
Completed 200 OK in 96ms (Views: 0.4ms | ActiveRecord: 9.5ms)


